{"/Users/Alfredo/development/wdi-project-3/index.js":{"path":"/Users/Alfredo/development/wdi-project-3/index.js","s":{"1":1,"2":1,"3":1,"4":1,"5":1,"6":1,"7":1,"8":1,"9":1,"10":1,"11":1,"12":1,"13":1,"14":1,"15":1,"16":1,"17":1,"18":1,"19":0,"20":0,"21":0,"22":1,"23":1,"24":0,"25":1,"26":1,"27":1},"b":{"1":[0,0]},"f":{"1":0},"fnMap":{"1":{"name":"jwtErrorHandler","line":29,"loc":{"start":{"line":29,"column":0},"end":{"line":29,"column":45}}}},"statementMap":{"1":{"start":{"line":1,"column":0},"end":{"line":1,"column":38}},"2":{"start":{"line":2,"column":0},"end":{"line":2,"column":37}},"3":{"start":{"line":3,"column":0},"end":{"line":3,"column":42}},"4":{"start":{"line":4,"column":0},"end":{"line":4,"column":35}},"5":{"start":{"line":5,"column":0},"end":{"line":5,"column":39}},"6":{"start":{"line":6,"column":0},"end":{"line":6,"column":42}},"7":{"start":{"line":8,"column":0},"end":{"line":8,"column":29}},"8":{"start":{"line":9,"column":0},"end":{"line":9,"column":46}},"9":{"start":{"line":10,"column":0},"end":{"line":10,"column":46}},"10":{"start":{"line":12,"column":0},"end":{"line":12,"column":28}},"11":{"start":{"line":14,"column":0},"end":{"line":14,"column":23}},"12":{"start":{"line":15,"column":0},"end":{"line":15,"column":27}},"13":{"start":{"line":16,"column":0},"end":{"line":16,"column":51}},"14":{"start":{"line":17,"column":0},"end":{"line":17,"column":47}},"15":{"start":{"line":18,"column":0},"end":{"line":18,"column":16}},"16":{"start":{"line":20,"column":0},"end":{"line":26,"column":6}},"17":{"start":{"line":27,"column":0},"end":{"line":27,"column":25}},"18":{"start":{"line":29,"column":0},"end":{"line":32,"column":1}},"19":{"start":{"line":30,"column":2},"end":{"line":30,"column":54}},"20":{"start":{"line":30,"column":40},"end":{"line":30,"column":54}},"21":{"start":{"line":31,"column":2},"end":{"line":31,"column":68}},"22":{"start":{"line":34,"column":0},"end":{"line":34,"column":24}},"23":{"start":{"line":35,"column":0},"end":{"line":35,"column":70}},"24":{"start":{"line":35,"column":29},"end":{"line":35,"column":68}},"25":{"start":{"line":37,"column":0},"end":{"line":37,"column":86}},"26":{"start":{"line":37,"column":30},"end":{"line":37,"column":84}},"27":{"start":{"line":39,"column":0},"end":{"line":39,"column":21}}},"branchMap":{"1":{"line":30,"type":"if","locations":[{"start":{"line":30,"column":2},"end":{"line":30,"column":2}},{"start":{"line":30,"column":2},"end":{"line":30,"column":2}}]}}},"/Users/Alfredo/development/wdi-project-3/config/config.js":{"path":"/Users/Alfredo/development/wdi-project-3/config/config.js","s":{"1":1},"b":{"1":[1,1],"2":[1,1]},"f":{},"fnMap":{},"statementMap":{"1":{"start":{"line":1,"column":0},"end":{"line":5,"column":2}}},"branchMap":{"1":{"line":2,"type":"binary-expr","locations":[{"start":{"line":2,"column":8},"end":{"line":2,"column":24}},{"start":{"line":2,"column":28},"end":{"line":2,"column":32}}]},"2":{"line":4,"type":"binary-expr","locations":[{"start":{"line":4,"column":10},"end":{"line":4,"column":28}},{"start":{"line":4,"column":32},"end":{"line":4,"column":57}}]}}},"/Users/Alfredo/development/wdi-project-3/config/routes.js":{"path":"/Users/Alfredo/development/wdi-project-3/config/routes.js","s":{"1":1,"2":1,"3":1,"4":1,"5":1,"6":1,"7":1,"8":1,"9":1,"10":1},"b":{},"f":{},"fnMap":{},"statementMap":{"1":{"start":{"line":1,"column":0},"end":{"line":1,"column":36}},"2":{"start":{"line":2,"column":0},"end":{"line":2,"column":34}},"3":{"start":{"line":4,"column":0},"end":{"line":4,"column":67}},"4":{"start":{"line":5,"column":0},"end":{"line":5,"column":57}},"5":{"start":{"line":6,"column":0},"end":{"line":6,"column":58}},"6":{"start":{"line":8,"column":0},"end":{"line":9,"column":34}},"7":{"start":{"line":10,"column":0},"end":{"line":11,"column":31}},"8":{"start":{"line":13,"column":0},"end":{"line":14,"column":20}},"9":{"start":{"line":15,"column":0},"end":{"line":19,"column":24}},"10":{"start":{"line":30,"column":0},"end":{"line":30,"column":24}}},"branchMap":{}},"/Users/Alfredo/development/wdi-project-3/controllers/authentications.js":{"path":"/Users/Alfredo/development/wdi-project-3/controllers/authentications.js","s":{"1":1,"2":1,"3":1,"4":1,"5":1,"6":0,"7":0,"8":0,"9":0,"10":0,"11":0,"12":1,"13":12,"14":12,"15":0,"16":12,"17":0,"18":12,"19":12},"b":{"1":[0,0],"2":[0,12],"3":[0,12],"4":[12,12]},"f":{"1":0,"2":12},"fnMap":{"1":{"name":"authenticationsRegister","line":11,"loc":{"start":{"line":11,"column":0},"end":{"line":11,"column":42}}},"2":{"name":"authenticationsLogin","line":26,"loc":{"start":{"line":26,"column":0},"end":{"line":26,"column":39}}}},"statementMap":{"1":{"start":{"line":1,"column":0},"end":{"line":5,"column":2}},"2":{"start":{"line":7,"column":0},"end":{"line":7,"column":41}},"3":{"start":{"line":8,"column":0},"end":{"line":8,"column":39}},"4":{"start":{"line":9,"column":0},"end":{"line":9,"column":43}},"5":{"start":{"line":11,"column":0},"end":{"line":24,"column":1}},"6":{"start":{"line":12,"column":2},"end":{"line":23,"column":5}},"7":{"start":{"line":13,"column":4},"end":{"line":13,"column":34}},"8":{"start":{"line":14,"column":4},"end":{"line":14,"column":59}},"9":{"start":{"line":14,"column":13},"end":{"line":14,"column":59}},"10":{"start":{"line":16,"column":4},"end":{"line":16,"column":108}},"11":{"start":{"line":18,"column":4},"end":{"line":22,"column":7}},"12":{"start":{"line":26,"column":0},"end":{"line":41,"column":1}},"13":{"start":{"line":27,"column":2},"end":{"line":40,"column":5}},"14":{"start":{"line":28,"column":4},"end":{"line":28,"column":80}},"15":{"start":{"line":28,"column":13},"end":{"line":28,"column":80}},"16":{"start":{"line":29,"column":4},"end":{"line":31,"column":5}},"17":{"start":{"line":30,"column":6},"end":{"line":30,"column":64}},"18":{"start":{"line":33,"column":4},"end":{"line":33,"column":107}},"19":{"start":{"line":35,"column":4},"end":{"line":39,"column":7}}},"branchMap":{"1":{"line":14,"type":"if","locations":[{"start":{"line":14,"column":4},"end":{"line":14,"column":4}},{"start":{"line":14,"column":4},"end":{"line":14,"column":4}}]},"2":{"line":28,"type":"if","locations":[{"start":{"line":28,"column":4},"end":{"line":28,"column":4}},{"start":{"line":28,"column":4},"end":{"line":28,"column":4}}]},"3":{"line":29,"type":"if","locations":[{"start":{"line":29,"column":4},"end":{"line":29,"column":4}},{"start":{"line":29,"column":4},"end":{"line":29,"column":4}}]},"4":{"line":29,"type":"binary-expr","locations":[{"start":{"line":29,"column":8},"end":{"line":29,"column":13}},{"start":{"line":29,"column":17},"end":{"line":29,"column":58}}]}}},"/Users/Alfredo/development/wdi-project-3/models/user.js":{"path":"/Users/Alfredo/development/wdi-project-3/models/user.js","s":{"1":1,"2":1,"3":1,"4":1,"5":1,"6":1,"7":1,"8":1,"9":1,"10":1,"11":14,"12":14,"13":14,"14":1,"15":1,"16":12,"17":12,"18":1,"19":12,"20":1,"21":12,"22":12,"23":0,"24":12,"25":0,"26":12,"27":0,"28":1,"29":12,"30":0,"31":1,"32":12},"b":{"1":[12,0],"2":[0,12],"3":[0,12],"4":[0,12],"5":[0,12]},"f":{"1":14,"2":12,"3":12,"4":12,"5":12,"6":12},"fnMap":{"1":{"name":"(anonymous_1)","line":32,"loc":{"start":{"line":32,"column":13},"end":{"line":32,"column":32}}},"2":{"name":"setPassword","line":41,"loc":{"start":{"line":41,"column":0},"end":{"line":41,"column":27}}},"3":{"name":"setPasswordConfirmation","line":46,"loc":{"start":{"line":46,"column":0},"end":{"line":46,"column":55}}},"4":{"name":"validatePasswordHash","line":50,"loc":{"start":{"line":50,"column":0},"end":{"line":50,"column":32}}},"5":{"name":"validateEmail","line":66,"loc":{"start":{"line":66,"column":0},"end":{"line":66,"column":30}}},"6":{"name":"validatePassword","line":72,"loc":{"start":{"line":72,"column":0},"end":{"line":72,"column":35}}}},"statementMap":{"1":{"start":{"line":1,"column":0},"end":{"line":1,"column":38}},"2":{"start":{"line":2,"column":0},"end":{"line":2,"column":36}},"3":{"start":{"line":3,"column":0},"end":{"line":3,"column":39}},"4":{"start":{"line":5,"column":0},"end":{"line":11,"column":3}},"5":{"start":{"line":13,"column":0},"end":{"line":15,"column":20}},"6":{"start":{"line":17,"column":0},"end":{"line":19,"column":32}},"7":{"start":{"line":21,"column":0},"end":{"line":23,"column":34}},"8":{"start":{"line":25,"column":0},"end":{"line":27,"column":27}},"9":{"start":{"line":29,"column":0},"end":{"line":29,"column":55}},"10":{"start":{"line":31,"column":0},"end":{"line":37,"column":3}},"11":{"start":{"line":33,"column":4},"end":{"line":33,"column":28}},"12":{"start":{"line":34,"column":4},"end":{"line":34,"column":19}},"13":{"start":{"line":35,"column":4},"end":{"line":35,"column":15}},"14":{"start":{"line":39,"column":0},"end":{"line":39,"column":52}},"15":{"start":{"line":41,"column":0},"end":{"line":44,"column":1}},"16":{"start":{"line":42,"column":2},"end":{"line":42,"column":28}},"17":{"start":{"line":43,"column":2},"end":{"line":43,"column":68}},"18":{"start":{"line":46,"column":0},"end":{"line":48,"column":1}},"19":{"start":{"line":47,"column":2},"end":{"line":47,"column":52}},"20":{"start":{"line":50,"column":0},"end":{"line":64,"column":1}},"21":{"start":{"line":51,"column":2},"end":{"line":63,"column":3}},"22":{"start":{"line":52,"column":4},"end":{"line":54,"column":5}},"23":{"start":{"line":53,"column":6},"end":{"line":53,"column":68}},"24":{"start":{"line":56,"column":4},"end":{"line":58,"column":5}},"25":{"start":{"line":57,"column":6},"end":{"line":57,"column":68}},"26":{"start":{"line":60,"column":4},"end":{"line":62,"column":5}},"27":{"start":{"line":61,"column":6},"end":{"line":61,"column":80}},"28":{"start":{"line":66,"column":0},"end":{"line":70,"column":1}},"29":{"start":{"line":67,"column":2},"end":{"line":69,"column":3}},"30":{"start":{"line":68,"column":4},"end":{"line":68,"column":69}},"31":{"start":{"line":72,"column":0},"end":{"line":74,"column":1}},"32":{"start":{"line":73,"column":2},"end":{"line":73,"column":57}}},"branchMap":{"1":{"line":51,"type":"if","locations":[{"start":{"line":51,"column":2},"end":{"line":51,"column":2}},{"start":{"line":51,"column":2},"end":{"line":51,"column":2}}]},"2":{"line":52,"type":"if","locations":[{"start":{"line":52,"column":4},"end":{"line":52,"column":4}},{"start":{"line":52,"column":4},"end":{"line":52,"column":4}}]},"3":{"line":56,"type":"if","locations":[{"start":{"line":56,"column":4},"end":{"line":56,"column":4}},{"start":{"line":56,"column":4},"end":{"line":56,"column":4}}]},"4":{"line":60,"type":"if","locations":[{"start":{"line":60,"column":4},"end":{"line":60,"column":4}},{"start":{"line":60,"column":4},"end":{"line":60,"column":4}}]},"5":{"line":67,"type":"if","locations":[{"start":{"line":67,"column":2},"end":{"line":67,"column":2}},{"start":{"line":67,"column":2},"end":{"line":67,"column":2}}]}}},"/Users/Alfredo/development/wdi-project-3/controllers/users.js":{"path":"/Users/Alfredo/development/wdi-project-3/controllers/users.js","s":{"1":1,"2":1,"3":1,"4":1,"5":1,"6":0,"7":1,"8":1,"9":0,"10":0,"11":0,"12":0,"13":0,"14":0,"15":1,"16":0,"17":0,"18":0,"19":0,"20":0,"21":0,"22":1,"23":0,"24":0,"25":0,"26":0,"27":0,"28":0},"b":{"1":[0,1],"2":[0,0],"3":[0,0],"4":[0,0],"5":[0,0],"6":[0,0],"7":[0,0]},"f":{"1":1,"2":0,"3":0,"4":0},"fnMap":{"1":{"name":"usersIndex","line":10,"loc":{"start":{"line":10,"column":0},"end":{"line":10,"column":30}}},"2":{"name":"usersShow","line":17,"loc":{"start":{"line":17,"column":0},"end":{"line":17,"column":29}}},"3":{"name":"usersUpdate","line":25,"loc":{"start":{"line":25,"column":0},"end":{"line":25,"column":31}}},"4":{"name":"usersDelete","line":33,"loc":{"start":{"line":33,"column":0},"end":{"line":33,"column":31}}}},"statementMap":{"1":{"start":{"line":1,"column":0},"end":{"line":6,"column":2}},"2":{"start":{"line":8,"column":0},"end":{"line":8,"column":39}},"3":{"start":{"line":10,"column":0},"end":{"line":15,"column":1}},"4":{"start":{"line":11,"column":2},"end":{"line":14,"column":5}},"5":{"start":{"line":12,"column":4},"end":{"line":12,"column":79}},"6":{"start":{"line":12,"column":13},"end":{"line":12,"column":79}},"7":{"start":{"line":13,"column":4},"end":{"line":13,"column":43}},"8":{"start":{"line":17,"column":0},"end":{"line":23,"column":1}},"9":{"start":{"line":18,"column":2},"end":{"line":22,"column":5}},"10":{"start":{"line":19,"column":4},"end":{"line":19,"column":79}},"11":{"start":{"line":19,"column":13},"end":{"line":19,"column":79}},"12":{"start":{"line":20,"column":4},"end":{"line":20,"column":75}},"13":{"start":{"line":20,"column":15},"end":{"line":20,"column":75}},"14":{"start":{"line":21,"column":4},"end":{"line":21,"column":42}},"15":{"start":{"line":25,"column":0},"end":{"line":31,"column":1}},"16":{"start":{"line":26,"column":2},"end":{"line":30,"column":5}},"17":{"start":{"line":27,"column":4},"end":{"line":27,"column":79}},"18":{"start":{"line":27,"column":13},"end":{"line":27,"column":79}},"19":{"start":{"line":28,"column":4},"end":{"line":28,"column":75}},"20":{"start":{"line":28,"column":15},"end":{"line":28,"column":75}},"21":{"start":{"line":29,"column":4},"end":{"line":29,"column":42}},"22":{"start":{"line":33,"column":0},"end":{"line":39,"column":1}},"23":{"start":{"line":34,"column":2},"end":{"line":38,"column":5}},"24":{"start":{"line":35,"column":4},"end":{"line":35,"column":79}},"25":{"start":{"line":35,"column":13},"end":{"line":35,"column":79}},"26":{"start":{"line":36,"column":4},"end":{"line":36,"column":75}},"27":{"start":{"line":36,"column":15},"end":{"line":36,"column":75}},"28":{"start":{"line":37,"column":4},"end":{"line":37,"column":34}}},"branchMap":{"1":{"line":12,"type":"if","locations":[{"start":{"line":12,"column":4},"end":{"line":12,"column":4}},{"start":{"line":12,"column":4},"end":{"line":12,"column":4}}]},"2":{"line":19,"type":"if","locations":[{"start":{"line":19,"column":4},"end":{"line":19,"column":4}},{"start":{"line":19,"column":4},"end":{"line":19,"column":4}}]},"3":{"line":20,"type":"if","locations":[{"start":{"line":20,"column":4},"end":{"line":20,"column":4}},{"start":{"line":20,"column":4},"end":{"line":20,"column":4}}]},"4":{"line":27,"type":"if","locations":[{"start":{"line":27,"column":4},"end":{"line":27,"column":4}},{"start":{"line":27,"column":4},"end":{"line":27,"column":4}}]},"5":{"line":28,"type":"if","locations":[{"start":{"line":28,"column":4},"end":{"line":28,"column":4}},{"start":{"line":28,"column":4},"end":{"line":28,"column":4}}]},"6":{"line":35,"type":"if","locations":[{"start":{"line":35,"column":4},"end":{"line":35,"column":4}},{"start":{"line":35,"column":4},"end":{"line":35,"column":4}}]},"7":{"line":36,"type":"if","locations":[{"start":{"line":36,"column":4},"end":{"line":36,"column":4}},{"start":{"line":36,"column":4},"end":{"line":36,"column":4}}]}}},"/Users/Alfredo/development/wdi-project-3/controllers/novels.js":{"path":"/Users/Alfredo/development/wdi-project-3/controllers/novels.js","s":{"1":1,"2":1,"3":1,"4":0,"5":0,"6":0,"7":0},"b":{"1":[0,0]},"f":{"1":0},"fnMap":{"1":{"name":"novelsIndex","line":9,"loc":{"start":{"line":9,"column":0},"end":{"line":9,"column":32}}}},"statementMap":{"1":{"start":{"line":1,"column":0},"end":{"line":5,"column":2}},"2":{"start":{"line":7,"column":0},"end":{"line":7,"column":41}},"3":{"start":{"line":9,"column":0},"end":{"line":14,"column":1}},"4":{"start":{"line":10,"column":2},"end":{"line":13,"column":5}},"5":{"start":{"line":11,"column":4},"end":{"line":11,"column":78}},"6":{"start":{"line":11,"column":13},"end":{"line":11,"column":78}},"7":{"start":{"line":12,"column":4},"end":{"line":12,"column":42}}},"branchMap":{"1":{"line":11,"type":"if","locations":[{"start":{"line":11,"column":4},"end":{"line":11,"column":4}},{"start":{"line":11,"column":4},"end":{"line":11,"column":4}}]}}},"/Users/Alfredo/development/wdi-project-3/models/novel.js":{"path":"/Users/Alfredo/development/wdi-project-3/models/novel.js","s":{"1":1,"2":1,"3":1,"4":1,"5":1},"b":{},"f":{},"fnMap":{},"statementMap":{"1":{"start":{"line":1,"column":0},"end":{"line":1,"column":37}},"2":{"start":{"line":3,"column":0},"end":{"line":8,"column":3}},"3":{"start":{"line":10,"column":0},"end":{"line":15,"column":3}},"4":{"start":{"line":17,"column":0},"end":{"line":27,"column":3}},"5":{"start":{"line":29,"column":0},"end":{"line":29,"column":54}}},"branchMap":{}}}