TN:
SF:/Users/Alfredo/development/wdi-project-3/index.js
FN:29,jwtErrorHandler
FNF:1
FNH:0
FNDA:0,jwtErrorHandler
DA:1,1
DA:2,1
DA:3,1
DA:4,1
DA:5,1
DA:6,1
DA:8,1
DA:9,1
DA:10,1
DA:12,1
DA:14,1
DA:15,1
DA:16,1
DA:17,1
DA:18,1
DA:20,1
DA:27,1
DA:29,1
DA:30,0
DA:31,0
DA:34,1
DA:35,1
DA:37,1
DA:39,1
LF:24
LH:22
BRDA:30,1,0,0
BRDA:30,1,1,0
BRF:2
BRH:0
end_of_record
TN:
SF:/Users/Alfredo/development/wdi-project-3/config/config.js
FNF:0
FNH:0
DA:1,1
LF:1
LH:1
BRDA:2,1,0,1
BRDA:2,1,1,1
BRDA:4,2,0,1
BRDA:4,2,1,1
BRF:4
BRH:4
end_of_record
TN:
SF:/Users/Alfredo/development/wdi-project-3/config/routes.js
FNF:0
FNH:0
DA:1,1
DA:2,1
DA:4,1
DA:5,1
DA:6,1
DA:8,1
DA:10,1
DA:13,1
DA:15,1
DA:30,1
LF:10
LH:10
BRF:0
BRH:0
end_of_record
TN:
SF:/Users/Alfredo/development/wdi-project-3/controllers/authentications.js
FN:11,authenticationsRegister
FN:26,authenticationsLogin
FNF:2
FNH:1
FNDA:0,authenticationsRegister
FNDA:12,authenticationsLogin
DA:1,1
DA:7,1
DA:8,1
DA:9,1
DA:11,1
DA:12,0
DA:13,0
DA:14,0
DA:16,0
DA:18,0
DA:26,1
DA:27,12
DA:28,12
DA:29,12
DA:30,0
DA:33,12
DA:35,12
LF:17
LH:11
BRDA:14,1,0,0
BRDA:14,1,1,0
BRDA:28,2,0,0
BRDA:28,2,1,12
BRDA:29,3,0,0
BRDA:29,3,1,12
BRDA:29,4,0,12
BRDA:29,4,1,12
BRF:8
BRH:4
end_of_record
TN:
SF:/Users/Alfredo/development/wdi-project-3/models/user.js
FN:32,(anonymous_1)
FN:41,setPassword
FN:46,setPasswordConfirmation
FN:50,validatePasswordHash
FN:66,validateEmail
FN:72,validatePassword
FNF:6
FNH:6
FNDA:14,(anonymous_1)
FNDA:12,setPassword
FNDA:12,setPasswordConfirmation
FNDA:12,validatePasswordHash
FNDA:12,validateEmail
FNDA:12,validatePassword
DA:1,1
DA:2,1
DA:3,1
DA:5,1
DA:13,1
DA:17,1
DA:21,1
DA:25,1
DA:29,1
DA:31,1
DA:33,14
DA:34,14
DA:35,14
DA:39,1
DA:41,1
DA:42,12
DA:43,12
DA:46,1
DA:47,12
DA:50,1
DA:51,12
DA:52,12
DA:53,0
DA:56,12
DA:57,0
DA:60,12
DA:61,0
DA:66,1
DA:67,12
DA:68,0
DA:72,1
DA:73,12
LF:32
LH:28
BRDA:51,1,0,12
BRDA:51,1,1,0
BRDA:52,2,0,0
BRDA:52,2,1,12
BRDA:56,3,0,0
BRDA:56,3,1,12
BRDA:60,4,0,0
BRDA:60,4,1,12
BRDA:67,5,0,0
BRDA:67,5,1,12
BRF:10
BRH:5
end_of_record
TN:
SF:/Users/Alfredo/development/wdi-project-3/controllers/users.js
FN:10,usersIndex
FN:17,usersShow
FN:25,usersUpdate
FN:33,usersDelete
FNF:4
FNH:1
FNDA:1,usersIndex
FNDA:0,usersShow
FNDA:0,usersUpdate
FNDA:0,usersDelete
DA:1,1
DA:8,1
DA:10,1
DA:11,1
DA:12,1
DA:13,1
DA:17,1
DA:18,0
DA:19,0
DA:20,0
DA:21,0
DA:25,1
DA:26,0
DA:27,0
DA:28,0
DA:29,0
DA:33,1
DA:34,0
DA:35,0
DA:36,0
DA:37,0
LF:21
LH:9
BRDA:12,1,0,0
BRDA:12,1,1,1
BRDA:19,2,0,0
BRDA:19,2,1,0
BRDA:20,3,0,0
BRDA:20,3,1,0
BRDA:27,4,0,0
BRDA:27,4,1,0
BRDA:28,5,0,0
BRDA:28,5,1,0
BRDA:35,6,0,0
BRDA:35,6,1,0
BRDA:36,7,0,0
BRDA:36,7,1,0
BRF:14
BRH:1
end_of_record
TN:
SF:/Users/Alfredo/development/wdi-project-3/controllers/novels.js
FN:9,novelsIndex
FNF:1
FNH:0
FNDA:0,novelsIndex
DA:1,1
DA:7,1
DA:9,1
DA:10,0
DA:11,0
DA:12,0
LF:6
LH:3
BRDA:11,1,0,0
BRDA:11,1,1,0
BRF:2
BRH:0
end_of_record
TN:
SF:/Users/Alfredo/development/wdi-project-3/models/novel.js
FNF:0
FNH:0
DA:1,1
DA:3,1
DA:10,1
DA:17,1
DA:29,1
LF:5
LH:5
BRF:0
BRH:0
end_of_record
